\BOOKMARK [1][-]{section.1}{Introduction}{}% 1
\BOOKMARK [1][-]{section.2}{Background}{}% 2
\BOOKMARK [2][-]{subsection.2.1}{Monetary Policy Transmission}{section.2}% 3
\BOOKMARK [2][-]{subsection.2.2}{Determinants of EME Bond Spreads}{section.2}% 4
\BOOKMARK [1][-]{section.3}{Data}{}% 5
\BOOKMARK [2][-]{subsection.3.1}{U.S. Monetary Policy}{section.3}% 6
\BOOKMARK [2][-]{subsection.3.2}{Country-specific Economic Conditions}{section.3}% 7
\BOOKMARK [2][-]{subsection.3.3}{Country-specific Fiscal Conditions}{section.3}% 8
\BOOKMARK [2][-]{subsection.3.4}{Exposure to Foreign Economies}{section.3}% 9
\BOOKMARK [2][-]{subsection.3.5}{Global uncertainty}{section.3}% 10
\BOOKMARK [2][-]{subsection.3.6}{Time Period Indicators}{section.3}% 11
\BOOKMARK [1][-]{section.4}{Model}{}% 12
\BOOKMARK [1][-]{section.5}{Results}{}% 13
\BOOKMARK [2][-]{subsection.5.1}{Fixed Effects Model on Whole Sample}{section.5}% 14
\BOOKMARK [2][-]{subsection.5.2}{Specific Country Regressions}{section.5}% 15
\BOOKMARK [2][-]{subsection.5.3}{Robustness Tests}{section.5}% 16
\BOOKMARK [1][-]{section.6}{Conclusion}{}% 17
\BOOKMARK [1][-]{appendix.A}{Data Details}{}% 18
\BOOKMARK [2][-]{subsection.A.1}{Countries Used in Analysis}{appendix.A}% 19
\BOOKMARK [2][-]{subsection.A.2}{Credit Ratings}{appendix.A}% 20
\BOOKMARK [1][-]{appendix.B}{Robustness Checks}{}% 21
\BOOKMARK [2][-]{subsection.B.1}{Regression Results: Different Predictor Variables}{appendix.B}% 22
\BOOKMARK [2][-]{subsection.B.2}{Alternative Predictor Variable Data}{appendix.B}% 23
\BOOKMARK [2][-]{subsection.B.3}{Regression Results: Different Economic Periods}{appendix.B}% 24
\BOOKMARK [2][-]{subsection.B.4}{Regression Results: Lagging Data}{appendix.B}% 25
